<?xml version="1.0" encoding="UTF-8"?>
<testng-results ignored="0" total="1" passed="1" failed="0" skipped="0">
  <reporter-output>
  </reporter-output>
  <suite started-at="2022-12-16T12:04:39 IST" name="Default suite" finished-at="2022-12-16T12:04:43 IST" duration-ms="3942">
    <groups>
    </groups>
    <test started-at="2022-12-16T12:04:39 IST" name="Default test" finished-at="2022-12-16T12:04:43 IST" duration-ms="3942">
      <class name="downloadandupload.dwonloadfile">
        <test-method signature="download()[pri:1, instance:downloadandupload.dwonloadfile@169e6180]" started-at="2022-12-16T12:04:39 IST" name="download" finished-at="2022-12-16T12:04:43 IST" duration-ms="3881" status="PASS">
          <reporter-output>
          </reporter-output>
        </test-method> <!-- download -->
      </class> <!-- downloadandupload.dwonloadfile -->
    </test> <!-- Default test -->
  </suite> <!-- Default suite -->
</testng-results>
